#
# There is insufficient memory for the Java Runtime Environment to continue.
# Native memory allocation (malloc) failed to allocate 1048576 bytes for AllocateHeap
# Possible reasons:
#   The system is out of physical RAM or swap space
#   In 32 bit mode, the process size limit was hit
# Possible solutions:
#   Reduce memory load on the system
#   Increase physical memory or swap space
#   Check if swap backing store is full
#   Use 64 bit Java on a 64 bit OS
#   Decrease Java heap size (-Xmx/-Xms)
#   Decrease number of Java threads
#   Decrease Java thread stack sizes (-Xss)
#   Set larger code cache with -XX:ReservedCodeCacheSize=
# This output file may be truncated or incomplete.
#
#  Out of Memory Error (memory/allocation.inline.hpp:61), pid=7480, tid=7592
#
# JRE version:  (8.0_66-b17) (build )
# Java VM: Java HotSpot(TM) 64-Bit Server VM (25.66-b17 mixed mode windows-amd64 compressed oops)
# Failed to write core dump. Minidumps are not enabled by default on client versions of Windows
#

---------------  T H R E A D  ---------------

Current thread (0x000000000278d800):  JavaThread "Unknown thread" [_thread_in_vm, id=7592, stack(0x0000000002660000,0x0000000002760000)]

Stack: [0x0000000002660000,0x0000000002760000]
[error occurred during error reporting (printing stack bounds), id 0xc0000005]

Native frames: (J=compiled Java code, j=interpreted, Vv=VM code, C=native code)


---------------  P R O C E S S  ---------------

Java Threads: ( => current thread )

Other Threads:

=>0x000000000278d800 (exited) JavaThread "Unknown thread" [_thread_in_vm, id=7592, stack(0x0000000002660000,0x0000000002760000)]

VM state:not at safepoint (normal execution)

VM Mutex/Monitor currently owned by a thread: None

Heap:
 PSYoungGen      total 37888K, used 655K [0x00000000eab00000, 0x00000000ed500000, 0x0000000100000000)
  eden space 32768K, 2% used [0x00000000eab00000,0x00000000eaba3d80,0x00000000ecb00000)
  from space 5120K, 0% used [0x00000000ed000000,0x00000000ed000000,0x00000000ed500000)
  to   space 5120K, 0% used [0x00000000ecb00000,0x00000000ecb00000,0x00000000ed000000)
 ParOldGen       total 86016K, used 0K [0x00000000c0000000, 0x00000000c5400000, 0x00000000eab00000)
  object space 86016K, 0% used [0x00000000c0000000,0x00000000c0000000,0x00000000c5400000)
 Metaspace       used 767K, capacity 4480K, committed 4480K, reserved 1056768K
  class space    used 75K, capacity 384K, committed 384K, reserved 1048576K

Card table byte_map: [0x0000000002ca0000,0x0000000002eb0000] byte_map_base: 0x00000000026a0000

Marking Bits: (ParMarkBitMap*) 0x0000000064b4a5b0
 Begin Bits: [0x0000000003410000, 0x0000000004410000)
 End Bits:   [0x0000000004410000, 0x0000000005410000)

Polling page: 0x0000000000b90000

CodeCache: size=245760Kb used=328Kb max_used=328Kb free=245431Kb
 bounds [0x000000000f010000, 0x000000000f280000, 0x000000001e010000]
 total_blobs=57 nmethods=0 adapters=37
 compilation: enabled

Compilation events (0 events):
No events

GC Heap History (0 events):
No events

Deoptimization events (0 events):
No events

Internal exceptions (0 events):
No events

Events (10 events):
Event: 0.313 loading class java/lang/Short
Event: 0.313 loading class java/lang/Short done
Event: 0.313 loading class java/lang/Integer
Event: 0.314 loading class java/lang/Integer done
Event: 0.314 loading class java/lang/Long
Event: 0.316 loading class java/lang/Long done
Event: 0.317 loading class java/lang/NullPointerException
Event: 0.317 loading class java/lang/NullPointerException done
Event: 0.317 loading class java/lang/ArithmeticException
Event: 0.317 loading class java/lang/ArithmeticException done


Dynamic libraries:
0x00007ff66aa40000 - 0x00007ff66aa77000 	C:\Program Files\Java\jdk1.8.0_66\bin\java.exe
0x00007fff0da00000 - 0x00007fff0dba9000 	C:\Windows\SYSTEM32\ntdll.dll
0x00007fff0d4c0000 - 0x00007fff0d5f9000 	C:\Windows\system32\KERNEL32.DLL
0x00007fff0ae50000 - 0x00007fff0af5e000 	C:\Windows\system32\KERNELBASE.dll
0x00007fff0c750000 - 0x00007fff0c7f5000 	C:\Windows\system32\ADVAPI32.dll
0x00007fff0d050000 - 0x00007fff0d1c1000 	C:\Windows\system32\USER32.dll
0x00007fff08eb0000 - 0x00007fff0910a000 	C:\Windows\WinSxS\amd64_microsoft.windows.common-controls_6595b64144ccf1df_6.0.9600.16384_none_62475f7becb72503\COMCTL32.dll
0x00007fff0c6a0000 - 0x00007fff0c747000 	C:\Windows\system32\msvcrt.dll
0x00007fff0cc90000 - 0x00007fff0cce7000 	C:\Windows\SYSTEM32\sechost.dll
0x00007fff0d360000 - 0x00007fff0d496000 	C:\Windows\system32\RPCRT4.dll
0x00007fff0d1d0000 - 0x00007fff0d315000 	C:\Windows\system32\GDI32.dll
0x00007fff0d320000 - 0x00007fff0d354000 	C:\Windows\system32\IMM32.DLL
0x00007fff0d600000 - 0x00007fff0d739000 	C:\Windows\system32\MSCTF.dll
0x00007fff0ad40000 - 0x00007fff0ad71000 	C:\Windows\system32\nvinitx.dll
0x00007fff0ad20000 - 0x00007fff0ad2a000 	C:\Windows\SYSTEM32\VERSION.dll
0x000000000f000000 - 0x000000000f006000 	C:\Program Files\NVIDIA Corporation\CoProcManager\_etoured.dll
0x00007fff09140000 - 0x00007fff09171000 	C:\Program Files\NVIDIA Corporation\CoProcManager\nvd3d9wrapx.dll
0x00007fff0cd60000 - 0x00007fff0cf36000 	C:\Windows\system32\SETUPAPI.dll
0x00007fff0b240000 - 0x00007fff0b28a000 	C:\Windows\system32\CFGMGR32.dll
0x00007fff09110000 - 0x00007fff09132000 	C:\Program Files\NVIDIA Corporation\CoProcManager\nvdxgiwrapx.dll
0x0000000064260000 - 0x0000000064332000 	C:\Program Files\Java\jdk1.8.0_66\jre\bin\msvcr100.dll
0x0000000064340000 - 0x0000000064bc9000 	C:\Program Files\Java\jdk1.8.0_66\jre\bin\server\jvm.dll
0x00007fff04890000 - 0x00007fff04899000 	C:\Windows\SYSTEM32\WSOCK32.dll
0x00007fff076b0000 - 0x00007fff076cf000 	C:\Windows\SYSTEM32\WINMM.dll
0x00007fff0d040000 - 0x00007fff0d047000 	C:\Windows\system32\PSAPI.DLL
0x00007fff0cfe0000 - 0x00007fff0d038000 	C:\Windows\system32\WS2_32.dll
0x00007fff07610000 - 0x00007fff0763a000 	C:\Windows\SYSTEM32\WINMMBASE.dll
0x00007fff0ccf0000 - 0x00007fff0ccf9000 	C:\Windows\system32\NSI.dll
0x00007fff09bd0000 - 0x00007fff09bf6000 	C:\Windows\SYSTEM32\DEVOBJ.dll
0x0000000064250000 - 0x000000006425f000 	C:\Program Files\Java\jdk1.8.0_66\jre\bin\verify.dll
0x0000000064220000 - 0x0000000064249000 	C:\Program Files\Java\jdk1.8.0_66\jre\bin\java.dll
0x0000000064200000 - 0x0000000064216000 	C:\Program Files\Java\jdk1.8.0_66\jre\bin\zip.dll

VM Arguments:
jvm_args: -Djava.awt.headless=true -Xmx1024M -Dfile.encoding=GBK -Duser.country=CN -Duser.language=zh -Duser.variant 
java_command: com.android.dx.command.Main --dex --force-jumbo --num-threads=4 --output J:\Android\AndroidStudioProjects\MyApplication\HaiGuo\build\intermediates\pre-dexed\debug\volly-1.0.11_93207d928cdfe6e96ee634886b979b98027b19b7.jar J:\Android\AndroidStudioProjects\MyApplication\HaiGuo\libs\volly-1.0.11.jar
java_class_path (initial): I:\adt\adt\sdk\build-tools\23.0.3\lib\dx.jar
Launcher Type: SUN_STANDARD

Environment Variables:
JAVA_HOME=C:\Program Files\Java\jdk1.8.0_66
CLASSPATH=.;C:\Program Files\Java\jdk1.8.0_66\lib\dt.jar;C:\Program Files\Java\jdk1.8.0_66\lib\tools.jar;.;C:\Program Files\Java\jdk1.8.0_66\lib\dt.jar;C:\Program Files\Java\jdk1.8.0_66\lib\tools.jar;
PATH=C:\Program Files\Java\jdk1.8.0_66\bin;C:\ProgramData\Oracle\Java\javapath;C:\Windows\system32;C:\Windows;C:\Windows\System32\Wbem;C:\Windows\System32\WindowsPowerShell\v1.0\;C:\Program Files (x86)\NVIDIA Corporation\PhysX\Common£»C:\Program Files\Java\jdk1.8.0_66\bin;;:\Program Files (x86)\MySQL\MySQL Utilities 1.3.4\;C:\Program Files\MySQL\MySQL Server 5.6\bin;I:\adt\adt\sdk\platform-tools;;:\Rational\Common
USERNAME=Administrator
OS=Windows_NT
PROCESSOR_IDENTIFIER=Intel64 Family 6 Model 69 Stepping 1, GenuineIntel



---------------  S Y S T E M  ---------------

OS: Windows 8.1 , 64 bit Build 9600 (6.3.9600.16656)

CPU:total 4 (2 cores per cpu, 2 threads per core) family 6 model 69 stepping 1, cmov, cx8, fxsr, mmx, sse, sse2, sse3, ssse3, sse4.1, sse4.2, popcnt, avx, avx2, aes, clmul, erms, lzcnt, ht, tsc, tscinvbit, bmi1, bmi2

Memory: 4k page, physical 8157484k(2594688k free), swap 8157484k(5716k free)

vm_info: Java HotSpot(TM) 64-Bit Server VM (25.66-b17) for windows-amd64 JRE (1.8.0_66-b17), built on Oct  6 2015 18:55:33 by "java_re" with MS VC++ 10.0 (VS2010)

time: Thu May 12 21:14:33 2016
elapsed time: 0 seconds (0d 0h 0m 0s)

